{"C:\\ComputerScience\\CMSI 488\\respecc\\grammar\\syntax-checker.js": {"path":"C:\\ComputerScience\\CMSI 488\\respecc\\grammar\\syntax-checker.js","statementMap":{"0":{"start":{"line":1,"column":11},"end":{"line":1,"column":24}},"1":{"start":{"line":2,"column":12},"end":{"line":2,"column":29}},"2":{"start":{"line":4,"column":16},"end":{"line":4,"column":67}},"3":{"start":{"line":6,"column":0},"end":{"line":6,"column":59}},"4":{"start":{"line":6,"column":27},"end":{"line":6,"column":58}}},"fnMap":{"0":{"name":"(anonymous_0)","decl":{"start":{"line":6,"column":17},"end":{"line":6,"column":18}},"loc":{"start":{"line":6,"column":27},"end":{"line":6,"column":58}},"line":6}},"branchMap":{},"s":{"0":2,"1":2,"2":2,"3":2,"4":18},"f":{"0":18},"b":{},"_coverageSchema":"1a1c01bbd47fc00a2c39e90264f33305004495a9","hash":"536557e5454206fa248da91dd229d215f17737e5"}
}
