{"C:\\ComputerScience\\CMSI 488\\respecc\\grammar\\syntax-checker.js": {"path":"C:\\ComputerScience\\CMSI 488\\respecc\\grammar\\syntax-checker.js","statementMap":{"0":{"start":{"line":1,"column":11},"end":{"line":1,"column":24}},"1":{"start":{"line":2,"column":12},"end":{"line":2,"column":29}},"2":{"start":{"line":4,"column":16},"end":{"line":4,"column":67}},"3":{"start":{"line":6,"column":0},"end":{"line":6,"column":57}},"4":{"start":{"line":6,"column":25},"end":{"line":6,"column":56}}},"fnMap":{"0":{"name":"(anonymous_0)","decl":{"start":{"line":6,"column":17},"end":{"line":6,"column":18}},"loc":{"start":{"line":6,"column":25},"end":{"line":6,"column":56}},"line":6}},"branchMap":{},"s":{"0":2,"1":2,"2":2,"3":2,"4":9},"f":{"0":9},"b":{},"_coverageSchema":"1a1c01bbd47fc00a2c39e90264f33305004495a9","hash":"f450693391a4ddac8865506cae25e24d89ef17c7"}
}
